-------------------------------------------------------------------------------
Test set: com.usermanagement.UserManagementApplicationTests
-------------------------------------------------------------------------------
Tests run: 1, Failures: 0, Errors: 1, Skipped: 0, Time elapsed: 3.396 s <<< FAILURE! - in com.usermanagement.UserManagementApplicationTests
contextLoads  Time elapsed: 0.002 s  <<< ERROR!
java.lang.IllegalStateException: Failed to load ApplicationContext
Caused by: org.springframework.beans.factory.UnsatisfiedDependencyException: Error creating bean with name 'userManagementController': Unsatisfied dependency expressed through field 'userService'; nested exception is org.springframework.beans.factory.UnsatisfiedDependencyException: Error creating bean with name 'userServiceImpl': Unsatisfied dependency expressed through field 'iUserRepository'; nested exception is org.springframework.beans.factory.BeanCreationException: Error creating bean with name 'IUserRepository' defined in com.usermanagement.repository.IUserRepository defined in @EnableMongoRepositories declared on MongoRepositoriesRegistrar.EnableMongoRepositoriesConfiguration: Invocation of init method failed; nested exception is org.springframework.data.repository.query.QueryCreationException: Could not create query for public abstract com.usermanagement.entity.UserMaster com.usermanagement.repository.IUserRepository.getUserByEmail(java.lang.String)! Reason: No property 'email' found for type 'UserMaster'!; nested exception is org.springframework.data.mapping.PropertyReferenceException: No property 'email' found for type 'UserMaster'!
Caused by: org.springframework.beans.factory.UnsatisfiedDependencyException: Error creating bean with name 'userServiceImpl': Unsatisfied dependency expressed through field 'iUserRepository'; nested exception is org.springframework.beans.factory.BeanCreationException: Error creating bean with name 'IUserRepository' defined in com.usermanagement.repository.IUserRepository defined in @EnableMongoRepositories declared on MongoRepositoriesRegistrar.EnableMongoRepositoriesConfiguration: Invocation of init method failed; nested exception is org.springframework.data.repository.query.QueryCreationException: Could not create query for public abstract com.usermanagement.entity.UserMaster com.usermanagement.repository.IUserRepository.getUserByEmail(java.lang.String)! Reason: No property 'email' found for type 'UserMaster'!; nested exception is org.springframework.data.mapping.PropertyReferenceException: No property 'email' found for type 'UserMaster'!
Caused by: org.springframework.beans.factory.BeanCreationException: Error creating bean with name 'IUserRepository' defined in com.usermanagement.repository.IUserRepository defined in @EnableMongoRepositories declared on MongoRepositoriesRegistrar.EnableMongoRepositoriesConfiguration: Invocation of init method failed; nested exception is org.springframework.data.repository.query.QueryCreationException: Could not create query for public abstract com.usermanagement.entity.UserMaster com.usermanagement.repository.IUserRepository.getUserByEmail(java.lang.String)! Reason: No property 'email' found for type 'UserMaster'!; nested exception is org.springframework.data.mapping.PropertyReferenceException: No property 'email' found for type 'UserMaster'!
Caused by: org.springframework.data.repository.query.QueryCreationException: Could not create query for public abstract com.usermanagement.entity.UserMaster com.usermanagement.repository.IUserRepository.getUserByEmail(java.lang.String)! Reason: No property 'email' found for type 'UserMaster'!; nested exception is org.springframework.data.mapping.PropertyReferenceException: No property 'email' found for type 'UserMaster'!
Caused by: org.springframework.data.mapping.PropertyReferenceException: No property 'email' found for type 'UserMaster'!

